Tue, 05 Jan 2016 19:23:04 GMT ReactNativePackager:SocketServer server got ipc message { type: 'createSocketServer',
  data: 
   { sockPath: '/Users/izaaksofer/Desktop/phoenix/react-packager-01eb2265cb3467cdd764063a90227c41',
     options: 
      { projectRoots: [Object],
        assetRoots: [Object],
        blacklistRE: [Object],
        transformModulePath: '/Users/izaaksofer/Desktop/phoenix/node_modules/react-native/packager/transformer.js' } } }
[7:23:05 PM] <START> Building Dependency Graph
[7:23:05 PM] <START> Crawling File System
[7:23:05 PM] <START> Loading bundles layout
[7:23:05 PM] <END>   Loading bundles layout (0ms)
Tue, 05 Jan 2016 19:23:05 GMT ReactNativePackager:SocketServer Process 3849 listening on socket path /Users/izaaksofer/Desktop/phoenix/react-packager-01eb2265cb3467cdd764063a90227c41 for server with options {"projectRoots":["/Users/izaaksofer/Desktop/phoenix"],"assetRoots":["/Users/izaaksofer/Desktop/phoenix"],"blacklistRE":{},"transformModulePath":"/Users/izaaksofer/Desktop/phoenix/node_modules/react-native/packager/transformer.js","nonPersistent":true}
Tue, 05 Jan 2016 19:23:05 GMT ReactNativePackager:SocketServer succesfully created server
Tue, 05 Jan 2016 19:23:05 GMT ReactNativePackager:SocketServer connection to server 3849
Tue, 05 Jan 2016 19:23:05 GMT ReactNativePackager:SocketServer got request { type: 'buildBundle',
  data: 
   { entryFile: 'index.ios.js',
     dev: false,
     minify: true,
     platform: 'ios' },
  id: '4btx6t5' }
[7:23:05 PM] <START> find dependencies
[7:23:13 PM] <END>   Crawling File System (8458ms)
[7:23:13 PM] <START> Building in-memory fs for JavaScript
[7:23:19 PM] <END>   Building in-memory fs for JavaScript (5678ms)
[7:23:19 PM] <START> Building in-memory fs for Assets
[7:23:24 PM] <END>   Building in-memory fs for Assets (5745ms)
[7:23:24 PM] <START> Building Haste Map
[7:23:27 PM] <START> Building (deprecated) Asset Map
[7:23:28 PM] <END>   Building (deprecated) Asset Map (1235ms)
[7:23:29 PM] <END>   Building Haste Map (4313ms)
[7:23:29 PM] <END>   Building Dependency Graph (24200ms)
[7:23:29 PM] <END>   find dependencies (24297ms)
[7:23:29 PM] <START> transform
[7:23:36 PM] <END>   transform (7297ms)
Tue, 05 Jan 2016 19:23:36 GMT ReactNativePackager:SocketServer request finished result
Tue, 05 Jan 2016 19:24:06 GMT ReactNativePackager:SocketServer server dying 3849
Tue, 05 Jan 2016 19:24:07 GMT ReactNativePackager:SocketServer exit code: 0
Tue, 05 Jan 2016 19:25:20 GMT ReactNativePackager:SocketServer server got ipc message { type: 'createSocketServer',
  data: 
   { sockPath: '/Users/izaaksofer/Desktop/phoenix/react-packager-01eb2265cb3467cdd764063a90227c41',
     options: 
      { projectRoots: [Object],
        assetRoots: [Object],
        blacklistRE: [Object],
        transformModulePath: '/Users/izaaksofer/Desktop/phoenix/node_modules/react-native/packager/transformer.js' } } }
[7:25:20 PM] <START> Building Dependency Graph
[7:25:21 PM] <START> Crawling File System
[7:25:21 PM] <START> Loading bundles layout
[7:25:21 PM] <END>   Loading bundles layout (0ms)
Tue, 05 Jan 2016 19:25:21 GMT ReactNativePackager:SocketServer Process 3887 listening on socket path /Users/izaaksofer/Desktop/phoenix/react-packager-01eb2265cb3467cdd764063a90227c41 for server with options {"projectRoots":["/Users/izaaksofer/Desktop/phoenix"],"assetRoots":["/Users/izaaksofer/Desktop/phoenix"],"blacklistRE":{},"transformModulePath":"/Users/izaaksofer/Desktop/phoenix/node_modules/react-native/packager/transformer.js","nonPersistent":true}
Tue, 05 Jan 2016 19:25:21 GMT ReactNativePackager:SocketServer succesfully created server
Tue, 05 Jan 2016 19:25:21 GMT ReactNativePackager:SocketServer connection to server 3887
Tue, 05 Jan 2016 19:25:21 GMT ReactNativePackager:SocketServer got request { type: 'buildBundle',
  data: 
   { entryFile: 'index.ios.js',
     dev: false,
     minify: true,
     platform: 'ios' },
  id: 'k864pew' }
[7:25:21 PM] <START> find dependencies
[7:25:29 PM] <END>   Crawling File System (8172ms)
[7:25:29 PM] <START> Building in-memory fs for JavaScript
[7:25:34 PM] <END>   Building in-memory fs for JavaScript (5778ms)
[7:25:34 PM] <START> Building in-memory fs for Assets
[7:25:40 PM] <END>   Building in-memory fs for Assets (5768ms)
[7:25:40 PM] <START> Building Haste Map
[7:25:43 PM] <START> Building (deprecated) Asset Map
[7:25:44 PM] <END>   Building (deprecated) Asset Map (1258ms)
[7:25:45 PM] <END>   Building Haste Map (4359ms)
[7:25:45 PM] <END>   Building Dependency Graph (24083ms)
[7:25:45 PM] <END>   find dependencies (24166ms)
[7:25:45 PM] <START> transform
[7:25:48 PM] <END>   transform (3131ms)
Tue, 05 Jan 2016 19:25:48 GMT ReactNativePackager:SocketServer request finished result
Tue, 05 Jan 2016 19:26:18 GMT ReactNativePackager:SocketServer server dying 3887
Tue, 05 Jan 2016 19:26:19 GMT ReactNativePackager:SocketServer exit code: 0
